0 info it worked if it ends with ok
1 verbose cli [ 'C:\\ccccSchool\\vote\\fe\\node\\node.exe',
1 verbose cli   'C:\\ccccSchool\\vote\\fe\\node\\node_modules\\npm\\bin\\npm-cli.js',
1 verbose cli   'run',
1 verbose cli   'build',
1 verbose cli   '--color=false' ]
2 info using npm@3.5.3
3 info using node@v4.2.1
4 verbose run-script [ 'prebuild', 'build', 'postbuild' ]
5 info lifecycle fe@1.0.0~prebuild: fe@1.0.0
6 silly lifecycle fe@1.0.0~prebuild: no script for prebuild, continuing
7 info lifecycle fe@1.0.0~build: fe@1.0.0
8 verbose lifecycle fe@1.0.0~build: unsafe-perm in lifecycle true
9 verbose lifecycle fe@1.0.0~build: PATH: C:\ccccSchool\vote\fe\node\node_modules\npm\bin\node-gyp-bin;C:\ccccSchool\vote\fe\node_modules\.bin;C:\ccccSchool\vote\fe\node;C:\oracleDbb\WINDOWS.X64_193000_db_home\bin;C:\OracleDB\product\11.2.0\dbhome_2\bin;C:\Program Files (x86)\Intel\iCLS Client\;C:\Program Files (x86)\ImageMagick-7.0.8-Q16;C:\oraclexe\app\oracle\product\11.2.0\server\bin;C:\Program Files (x86)\Common Files\Oracle\Java\javapath;C:\Program Files\Intel\iCLS Client\;C:\WINDOWS\system32;C:\WINDOWS;C:\WINDOWS\System32\Wbem;C:\WINDOWS\System32\WindowsPowerShell\v1.0\;C:\Program Files (x86)\Brackets\command;C:\Program Files\Java\jdk1.8.0_191\bin;C:\WINDOWS\System32\OpenSSH\;C:\;rogram Files (x86)\PuTTY\;C:\PHPClass\xampp\php;C:\ProgramData\ComposerSetup\bin;C:\Program Files\Git\cmd;C:\Program Files (x86)\Intel\Intel(R) Management Engine Components\DAL;C:\Program Files\Intel\Intel(R) Management Engine Components\DAL;C:\Program Files\Intel\WiFi\bin\;C:\Program Files\Common Files\Intel\WirelessCommon\;C:\ProgramData\Microsoft\Windows\Start Menu\Programs\Node.js;C:\nodejs\;C:\Program Files\Geth;C:\maven\apache-maven-3.6.3\bin;C:\Users\mrmin\AppData\Local\Programs\Python\Python38-32\Scripts\;C:\Users\mrmin\AppData\Local\Programs\Python\Python38-32\;C:\Users\mrmin\.windows-build-tools\python27\;C:\Users\mrmin\.windows-build-tools\python27\;C:\Program Files\MySQL\MySQL Shell 8.0\bin\;C:\ruby_project\Ruby24-x64\bin;C:\Users\mrmin\AppData\Local\Programs\Python\Python37-32\Scripts\;C:\Users\mrmin\AppData\Local\Programs\Python\Python37-32\;C:\Users\mrmin\AppData\Local\Microsoft\WindowsApps;C:\Users\mrmin\AppData\Local\Programs\Microsoft VS Code\bin;C:\Program Files\JetBrains\PyCharm 2018.3.5\bin;;C:\Users\mrmin\AppData\Roaming\Composer\vendor\bin;C:\Users\mrmin\AppData\Roaming\npm;C:\Windows\System32;C:\Program Files\Bandizip\;C:\Program Files\CMake\bin;
10 verbose lifecycle fe@1.0.0~build: CWD: C:\ccccSchool\vote\fe
11 silly lifecycle fe@1.0.0~build: Args: [ '/d /s /c', 'webpack' ]
12 silly lifecycle fe@1.0.0~build: Returned: code: 2  signal: null
13 info lifecycle fe@1.0.0~build: Failed to exec build script
14 verbose stack Error: fe@1.0.0 build: `webpack`
14 verbose stack Exit status 2
14 verbose stack     at EventEmitter.<anonymous> (C:\ccccSchool\vote\fe\node\node_modules\npm\lib\utils\lifecycle.js:232:16)
14 verbose stack     at emitTwo (events.js:87:13)
14 verbose stack     at EventEmitter.emit (events.js:172:7)
14 verbose stack     at ChildProcess.<anonymous> (C:\ccccSchool\vote\fe\node\node_modules\npm\lib\utils\spawn.js:24:14)
14 verbose stack     at emitTwo (events.js:87:13)
14 verbose stack     at ChildProcess.emit (events.js:172:7)
14 verbose stack     at maybeClose (internal/child_process.js:818:16)
14 verbose stack     at Process.ChildProcess._handle.onexit (internal/child_process.js:211:5)
15 verbose pkgid fe@1.0.0
16 verbose cwd C:\ccccSchool\vote\fe
17 error Windows_NT 10.0.18362
18 error argv "C:\\ccccSchool\\vote\\fe\\node\\node.exe" "C:\\ccccSchool\\vote\\fe\\node\\node_modules\\npm\\bin\\npm-cli.js" "run" "build" "--color=false"
19 error node v4.2.1
20 error npm  v3.5.3
21 error code ELIFECYCLE
22 error fe@1.0.0 build: `webpack`
22 error Exit status 2
23 error Failed at the fe@1.0.0 build script 'webpack'.
23 error Make sure you have the latest version of node.js and npm installed.
23 error If you do, this is most likely a problem with the fe package,
23 error not with npm itself.
23 error Tell the author that this fails on your system:
23 error     webpack
23 error You can get information on how to open an issue for this project with:
23 error     npm bugs fe
23 error Or if that isn't available, you can get their info via:
23 error     npm owner ls fe
23 error There is likely additional logging output above.
24 verbose exit [ 1, true ]
